<?xml version="1.0" encoding="UTF-8"?>
<!-- Generated by org.testng.reporters.JUnitXMLReporter -->
<testsuite ignored="0" hostname="viper024" failures="0" tests="6" name="Command line test" time="0.14" errors="0" timestamp="2022-05-12T14:44:45 IST">
  <testcase classname="org.example.AppiumTest" name="appium1" time="0.013"/>
  <testcase classname="org.example.AppiumTest" name="appium2" time="0.001"/>
  <testcase classname="org.example.RESTAPITest" name="API" time="0.0"/>
  <testcase classname="org.example.RESTAPITest" name="RestAPI" time="0.001"/>
  <testcase classname="org.example.SeleniumTest" name="selenium1" time="0.001"/>
  <testcase classname="org.example.SeleniumTest" name="selenium2" time="0.0"/>
</testsuite> <!-- Command line test -->
