<?xml version="1.0" encoding="UTF-8"?>
<testsuite xmlns:xsi="http://www.w3.org/2001/XMLSchema-instance" xsi:noNamespaceSchemaLocation="https://maven.apache.org/surefire/maven-surefire-plugin/xsd/surefire-test-report-3.0.xsd" version="3.0" name="TestSuite" time="1.464" tests="6" errors="0" skipped="0" failures="0">
  <properties>
[...]
</properties>
  <testcase name="appium1" classname="org.example.AppiumTest" time="0.029">
    <system-out><![CDATA[Appium1
]]></system-out>
    <system-err><![CDATA[SLF4J: Failed to load class "org.slf4j.impl.StaticLoggerBinder".
SLF4J: Defaulting to no-operation (NOP) logger implementation
SLF4J: See http://www.slf4j.org/codes.html#StaticLoggerBinder for further details.
]]></system-err>
  </testcase>
  <testcase name="appium2" classname="org.example.AppiumTest" time="0.005">
    <system-out><![CDATA[Appium2
]]></system-out>
  </testcase>
  <testcase name="API" classname="org.example.RESTAPITest" time="0.004">
    <system-out><![CDATA[RESTAPI
]]></system-out>
  </testcase>
  <testcase name="RestAPI" classname="org.example.RESTAPITest" time="0.005">
    <system-out><![CDATA[RestAPI
]]></system-out>
  </testcase>
  <testcase name="selenium1" classname="org.example.SeleniumTest" time="0.004">
    <system-out><![CDATA[Selenium1
]]></system-out>
  </testcase>
  <testcase name="selenium2" classname="org.example.SeleniumTest" time="0.06">
    <system-out><![CDATA[Selenium1
]]></system-out>
  </testcase>
</testsuite>